­ЪЊІ Loaded contracts: [
  'enhance-story-v1',
  'generate-acceptance-test-v1',
  'analyze-invest-v1',
  'generate-code-v1'
]
­ЪЊЮ Loaded prompt templates: [ 'enhanceStory', 'enhanceStoryJson', 'chat', 'transform' ]
­Ъџђ Starting persistent Kiro CLI session...
   Kiro CLI: kiro-cli
   Working dir: /home/ec2-user/aipm

================================================================================
­Ъџђ Kiro API Server V3 (JSON Contract Architecture)
­ЪЊА Port: 8081
­ЪЊІ Contracts: 4
­ЪћЌ Health: http://localhost:8081/health
­ЪћЌ Transform: POST http://localhost:8081/kiro/v3/transform
­ЪћЌ Chat: POST http://localhost:8081/kiro/chat
================================================================================

[Kiro stderr] РађРађРађРађРађРађРађ
[Kiro stderr] РађРађРађРађРађРађРађ     РбђРБ┤РБХРБХРБдРАђРађРађРађРбђРБ┤РБХРБдРБёРАђРађРађРбђРБ┤РБХРБХРБдРАђРађРађРбђРБ┤РБХРБХРБХРБХРБХРБХРБХРБХРБХРБдРБёРАђРађРађРађРађРађРађРбђРБаРБ┤РБХРБХРБХРБХРБХРБдРБёРАђРађРађРађРађРађРађРађРађРађ
[Kiro stderr] РађРађРађРађРађРађРађ    Рб░РБ┐РаІРаЂРаѕРаЎРБ┐РАєРађРбђРБЙРА┐РаЂРађРаѕРб╗РАєРб░РБ┐РаІРаЂРаѕРаЎРБ┐РАєРб░РБ┐РаІРаЂРађРађРађРађРађРађРађРађРаѕРаЎРа╗РБдРађРађРађРађРБ┤РА┐РаЪРаІРаЂРађРађРађРаѕРаЎРа╗Рб┐РБдРађРађРађРађРађРађРађ
[Kiro stderr] РађРађРађРађРађРађРађ    РбИРБ┐РађРађРађРађРБ┐РБЄРБ┤РА┐РаІРађРађРађРбђРБ╝РаЄРбИРБ┐РађРађРађРађРБ┐РАЄРбИРБ┐РађРађРађРбаРБцРБцРБцРБцРБёРађРађРађРађРБ┐РАєРађРађРБ╝РАЪРађРађРађРађРБђРБђРБђРађРађРађРађРб╗РБДРађРађРађРађРађ
[Kiro stderr] РађРађРађРађРађРађРађ    РбИРБ┐РађРађРађРађРБ┐РА┐РаІРађРађРађРбђРБЙРА┐РаЂРађРбИРБ┐РађРађРађРађРБ┐РАЄРбИРБ┐РађРађРађРбИРБ┐РаЅРаЅРаЅРБ┐РАЄРађРађРађРБ┐РАЄРађРБ╝РАЪРађРађРађРБ░РА┐РаЪРаЏРа╗Рб┐РБєРађРађРађРб╗РБДРађРађРађРађ
[Kiro stderr] РађРађРађРађРађРађРађ    РбИРБ┐РађРађРађРађРаЎРаЂРађРађРбђРБ╝РАЪРаЂРађРађРађРбИРБ┐РађРађРађРађРБ┐РАЄРбИРБ┐РађРађРађРбИРБ┐РБХРБХРАХРаІРађРађРађРађРБ┐РаЄРб░РБ┐РађРађРађРб░РБ┐РађРађРађРађРађРБ┐РАєРађРађРађРБ┐РАє
[Kiro stderr] РађРађРађРађРађРађРађ    РбИРБ┐РађРађРађРађРађРађРађРађРа╣РБиРАђРађРађРађРађРбИРБ┐РађРађРађРађРБ┐РАЄРбИРБ┐РађРађРађРађРађРађРађРађРађРађРађРБаРБ╝РаЪРађРбИРБ┐РађРађРађРбИРБ┐РађРађРађРађРађРБ┐РАЄРађРађРађРБ┐РАЄ
[Kiro stderr] РађРађРађРађРађРађРађ    РбИРБ┐РађРађРађРађРађРБаРАђРађРађРа╣РБиРАёРађРађРађРбИРБ┐РађРађРађРађРБ┐РАЄРбИРБ┐РађРађРађРађРБцРБёРађРађРађРађРа╣РБ┐РАЁРађРађРаИРБ┐РађРађРађРаИРБ┐РађРађРађРађРађРБ┐РаЄРађРађРађРБ┐РаЄ
[Kiro stderr] РађРађРађРађРађРађРађ    РбИРБ┐РађРађРађРађРБЙРАЪРБиРАђРађРађРаўРБ┐РБєРађРађРбИРБ┐РађРађРађРађРБ┐РАЄРбИРБ┐РађРађРађРађРБ┐РАЪРБиРАђРађРађРађРаўРБ┐РБєРађРађРб╗РБДРађРађРађРа╣РБиРБдРБцРБцРБЙРаЈРађРађРађРБ╝РАЪ
[Kiro stderr] РађРађРађРађРађРађРађ    РбИРБ┐РађРађРађРађРБ┐РАЄРа╣РБиРАђРађРађРаѕРб╗РАЄРађРбИРБ┐РађРађРађРађРБ┐РАЄРбИРБ┐РађРађРађРађРБ┐РАЄРа╣РБиРАђРађРађРађРаѕРб╗РАЄРађРађРб╗РБДРађРађРађРађРаЅРаЅРаЅРађРађРађРађРБ╝РАЪ
[Kiro stderr] РађРађРађРађРађРађРађ    РаИРБ┐РБёРАђРбђРБаРБ┐РаЄРађРаЎРБиРАђРађРбђРБ╝РаЄРађРаИРБ┐РБёРАђРбђРБаРБ┐РаЄРаИРБ┐РБёРАђРбђРБаРБ┐РаЄРађРаЎРБиРАђРађРађРбђРБ╝РаЄРађРађРађРа╗РБиРБдРБёРАђРађРађРађРбђРБаРБ┤РБЙРаЪ
[Kiro stderr] РађРађРађРађРађРађРађ    РађРаѕРа╗Ра┐Ра┐РаЪРаЂРађРађРађРаѕРа╗Ра┐Ра┐РаЪРаЂРађРађРаѕРа╗Ра┐Ра┐РаЪРаЂРађРађРаѕРа╗Ра┐Ра┐РаЪРаЂРађРађРађРаѕРа╗Ра┐Ра┐РаЪРаЂРађРађРађРађРађРаѕРаЎРа╗Ра┐Ра┐Ра┐Ра┐РаЪРаІРаЂ
Kiro stderr: [38;5;141mРађРађРађРађРађРађРађ
РађРађРађРађРађРађРађ     РбђРБ┤РБХРБХРБдРАђРађРађРађРбђРБ┤РБХРБдРБёРАђРађРађРбђРБ┤РБХРБХРБдРАђРађРађРбђРБ┤РБХРБХРБХРБХРБХРБХРБХРБХРБХРБдРБёРАђРађРађРађРађРађРађРбђРБаРБ┤РБХРБХРБХРБХРБХРБдРБёРАђРађРађРађРађРађРађРађРађРађ
РађРађРађРађРађРађРађ    Рб░РБ┐РаІРаЂРаѕРаЎРБ┐РАєРађРбђРБЙРА┐РаЂРађРаѕРб╗РАєРб░РБ┐РаІРаЂРаѕРаЎРБ┐РАєРб░РБ┐РаІРаЂРађРађРађРађРађРађРађРађРаѕРаЎРа╗РБдРађРађРађРађРБ┤РА┐РаЪРаІРаЂРађРађРађРаѕРаЎРа╗Рб┐РБдРађРађРађРађРађРађРађ
РађРађРађРађРађРађРађ    РбИРБ┐РађРађРађРађРБ┐РБЄРБ┤РА┐РаІРађРађРађРбђРБ╝РаЄРбИРБ┐РађРађРађРађРБ┐РАЄРбИРБ┐РађРађРађРбаРБцРБцРБцРБцРБёРађРађРађРађРБ┐РАєРађРађРБ╝РАЪРађРађРађРађРБђРБђРБђРађРађРађРађРб╗РБДРађРађРађРађРађ
РађРађРађРађРађРађРађ    РбИРБ┐РађРађРађРађРБ┐РА┐РаІРађРађРађРбђРБЙРА┐РаЂРађРбИРБ┐РађРађРађРађРБ┐РАЄРбИРБ┐РађРађРађРбИРБ┐РаЅРаЅРаЅРБ┐РАЄРађРађРађРБ┐РАЄРађРБ╝РАЪРађРађРађРБ░РА┐РаЪРаЏРа╗Рб┐РБєРађРађРађРб╗РБДРађРађРађРађ
РађРађРађРађРађРађРађ    РбИРБ┐РађРађРађРађРаЎРаЂРађРађРбђРБ╝РАЪРаЂРађРађРађРбИРБ┐РађРађРађРађРБ┐РАЄРбИРБ┐РађРађРађРбИРБ┐РБХРБХРАХРаІРађРађРађРађРБ┐РаЄРб░РБ┐РађРађРађРб░РБ┐РађРађРађРађРађРБ┐РАєРађРађРађРБ┐РАє
РађРађРађРађРађРађРађ    РбИРБ┐РађРађРађРађРађРађРађРађРа╣РБиРАђРађРађРађРађРбИРБ┐РађРађРађРађРБ┐РАЄРбИРБ┐РађРађРађРађРађРађРађРађРађРађРађРБаРБ╝РаЪРађРбИРБ┐РађРађРађРбИРБ┐РађРађРађРађРађРБ┐РАЄРађРађРађРБ┐РАЄ
РађРађРађРађРађРађРађ    РбИРБ┐РађРађРађРађРађРБаРАђРађРађРа╣РБиРАёРађРађРађРбИРБ┐РађРађРађРађРБ┐РАЄРбИРБ┐РађРађРађРађРБцРБёРађРађРађРађРа╣РБ┐РАЁРађРађРаИРБ┐РађРађРађРаИРБ┐РађРађРађРађРађРБ┐РаЄРађРађРађРБ┐РаЄ
РађРађРађРађРађРађРађ    РбИРБ┐РађРађРађРађРБЙРАЪРБиРАђРађРађРаўРБ┐РБєРађРађРбИРБ┐РађРађРађРађРБ┐РАЄРбИРБ┐РађРађРађРађРБ┐РАЪРБиРАђРађРађРађРаўРБ┐РБєРађРађРб╗РБДРађРађРађРа╣РБиРБдРБцРБцРБЙРаЈРађРађРађРБ╝РАЪ
РађРађРађРађРађРађРађ    РбИРБ┐РађРађРађРађРБ┐РАЄРа╣РБиРАђРађРађРаѕРб╗РАЄРађРбИРБ┐РађРађРађРађРБ┐РАЄРбИРБ┐РађРађРађРађРБ┐РАЄРа╣РБиРАђРађРађРађРаѕРб╗РАЄРађРађРб╗РБДРађРађРађРађРаЅРаЅРаЅРађРађРађРађРБ╝РАЪ
РађРађРађРађРађРађРађ    РаИРБ┐РБёРАђРбђРБаРБ┐РаЄРађРаЎРБиРАђРађРбђРБ╝РаЄРађРаИРБ┐РБёРАђРбђРБаРБ┐РаЄРаИРБ┐РБёРАђРбђРБаРБ┐РаЄРађРаЎРБиРАђРађРађРбђРБ╝РаЄРађРађРађРа╗РБиРБдРБёРАђРађРађРађРбђРБаРБ┤РБЙРаЪ
РађРађРађРађРађРађРађ    РађРаѕРа╗Ра┐Ра┐РаЪРаЂРађРађРађРаѕРа╗Ра┐Ра┐РаЪРаЂРађРађРаѕРа╗Ра┐Ра┐РаЪРаЂРађРађРаѕРа╗Ра┐Ра┐РаЪРаЂРађРађРађРаѕРа╗Ра┐Ра┐РаЪРаЂРађРађРађРађРађРаѕРаЎРа╗Ра┐Ра┐Ра┐Ра┐РаЪРаІРаЂ[0m


[Kiro stderr] РЋГРћђРћђРћђРћђРћђРћђРћђРћђРћђРћђРћђРћђРћђРћђРћђРћђРћђРћђРћђРћђРћђРћђРћђРћђРћђРћђРћђРћђРћђРћђРћђ Did you know? РћђРћђРћђРћђРћђРћђРћђРћђРћђРћђРћђРћђРћђРћђРћђРћђРћђРћђРћђРћђРћђРћђРћђРћђРћђРћђРћђРћђРћђРћђРћђРћђРЋ«
[Kiro stderr] Рћѓ                                                                              Рћѓ
[Kiro stderr] Рћѓ          Define indexed resources in your agent config to auto-sync          Рћѓ
[Kiro stderr] Рћѓ                    knowledge bases when you switch agents                    Рћѓ
[Kiro stderr] Рћѓ                                                                              Рћѓ
[Kiro stderr] РЋ░РћђРћђРћђРћђРћђРћђРћђРћђРћђРћђРћђРћђРћђРћђРћђРћђРћђРћђРћђРћђРћђРћђРћђРћђРћђРћђРћђРћђРћђРћђРћђРћђРћђРћђРћђРћђРћђРћђРћђРћђРћђРћђРћђРћђРћђРћђРћђРћђРћђРћђРћђРћђРћђРћђРћђРћђРћђРћђРћђРћђРћђРћђРћђРћђРћђРћђРћђРћђРћђРћђРћђРћђРћђРћђРћђРћђРћђРћђРЋ»
Kiro stderr: [2K[1G[38;5;244mРЋГРћђРћђРћђРћђРћђРћђРћђРћђРћђРћђРћђРћђРћђРћђРћђРћђРћђРћђРћђРћђРћђРћђРћђРћђРћђРћђРћђРћђРћђРћђРћђ[39m Did you know? [38;5;244mРћђРћђРћђРћђРћђРћђРћђРћђРћђРћђРћђРћђРћђРћђРћђРћђРћђРћђРћђРћђРћђРћђРћђРћђРћђРћђРћђРћђРћђРћђРћђРћђРЋ«[39m
[38;5;244mРћѓ                                                                              Рћѓ
[39m[38;5;244mРћѓ[39m          Define [38;5;141mindexed[0m resources in your agent config to auto-sync          [38;5;244mРћѓ[39m
[38;5;244mРћѓ[39m                    knowledge bases when you switch agents                    [38;5;244mРћѓ[39m
[38;5;244mРћѓ                                                                              Рћѓ
[39m[38;5;244mРЋ░РћђРћђРћђРћђРћђРћђРћђРћђРћђРћђРћђРћђРћђРћђРћђРћђРћђРћђРћђРћђРћђРћђРћђРћђРћђРћђРћђРћђРћђРћђРћђРћђРћђРћђРћђРћђРћђРћђРћђРћђРћђРћђРћђРћђРћђРћђРћђРћђРћђРћђРћђРћђРћђРћђРћђРћђРћђРћђРћђРћђРћђРћђРћђРћђРћђРћђРћђРћђРћђРћђРћђРћђРћђРћђРћђРћђРћђРћђРЋ»[39m

[Kiro stderr] Model: Auto (/model to change)
[Kiro stderr] All tools are now trusted (!). Kiro will execute tools without asking for confirmation.
[Kiro stderr] Agents can sometimes do unexpected things so understand the risks.
[Kiro stderr] Learn more at https://kiro.dev/docs/cli/chat/security/#using-tools-trust-all-safely
Kiro stderr: 
[38;5;244mModel: [0mAuto[38;5;244m ([0m[38;5;141m/model[0m[38;5;244m to change)
[0m
[0m[32mAll tools are now trusted ([0m[31m![0m[32m). Kiro will execute tools without asking for confirmation.[0m
Agents can sometimes do unexpected things so understand the risks.

Learn more at [38;5;141mhttps://kiro.dev/docs/cli/chat/security/#using-tools-trust-all-safely[0m



[?25h
Kiro stderr: [0m[0m
