🤖 Kiro worker started
Polling queue: aipm-amazon-q-queue
📋 Found 4 pending task(s)
🔨 Processing: task-1764502419623 - I Want To Change Name Of Button "run In Staging" To "test In Dev"
Switched to branch 'develop'
From https://github.com/demian7575/aipm
 * branch              develop    -> FETCH_HEAD
Already up to date.
💬 Asking Kiro: I Want To Change Name Of Button "run In Staging" To "test In Dev"

As a PM, I want to implement I Want To Change Name Of Button "run In Staging" To "test In Dev". This ensures i can accomplish my goals more effectively. This work supports the parent story "Implement A “run In Staging” Button On Each PR Card In The Development Tasks Board. This Ensures I Can Deploy The PR To…".. Constraints: . Acceptance Criteria: 
[38;5;11m
⚠️  WARNING: [0mMCP functionality has been disabled by your administrator.

[38;5;141m⠀⠀⠀⠀⠀⠀⠀
⠀⠀⠀⠀⠀⠀⠀     ⢀⣴⣶⣶⣦⡀⠀⠀⠀⢀⣴⣶⣦⣄⡀⠀⠀⢀⣴⣶⣶⣦⡀⠀⠀⢀⣴⣶⣶⣶⣶⣶⣶⣶⣶⣶⣦⣄⡀⠀⠀⠀⠀⠀⠀⢀⣠⣴⣶⣶⣶⣶⣶⣦⣄⡀⠀⠀⠀⠀⠀⠀⠀⠀⠀
⠀⠀⠀⠀⠀⠀⠀    ⢰⣿⠋⠁⠈⠙⣿⡆⠀⢀⣾⡿⠁⠀⠈⢻⡆⢰⣿⠋⠁⠈⠙⣿⡆⢰⣿⠋⠁⠀⠀⠀⠀⠀⠀⠀⠀⠈⠙⠻⣦⠀⠀⠀⠀⣴⡿⠟⠋⠁⠀⠀⠀⠈⠙⠻⢿⣦⠀⠀⠀⠀⠀⠀⠀
⠀⠀⠀⠀⠀⠀⠀    ⢸⣿⠀⠀⠀⠀⣿⣇⣴⡿⠋⠀⠀⠀⢀⣼⠇⢸⣿⠀⠀⠀⠀⣿⡇⢸⣿⠀⠀⠀⢠⣤⣤⣤⣤⣄⠀⠀⠀⠀⣿⡆⠀⠀⣼⡟⠀⠀⠀⠀⣀⣀⣀⠀⠀⠀⠀⢻⣧⠀⠀⠀⠀⠀
⠀⠀⠀⠀⠀⠀⠀    ⢸⣿⠀⠀⠀⠀⣿⡿⠋⠀⠀⠀⢀⣾⡿⠁⠀⢸⣿⠀⠀⠀⠀⣿⡇⢸⣿⠀⠀⠀⢸⣿⠉⠉⠉⣿⡇⠀⠀⠀⣿⡇⠀⣼⡟⠀⠀⠀⣰⡿⠟⠛⠻⢿⣆⠀⠀⠀⢻⣧⠀⠀⠀⠀
⠀⠀⠀⠀⠀⠀⠀    ⢸⣿⠀⠀⠀⠀⠙⠁⠀⠀⢀⣼⡟⠁⠀⠀⠀⢸⣿⠀⠀⠀⠀⣿⡇⢸⣿⠀⠀⠀⢸⣿⣶⣶⡶⠋⠀⠀⠀⠀⣿⠇⢰⣿⠀⠀⠀⢰⣿⠀⠀⠀⠀⠀⣿⡆⠀⠀⠀⣿⡆
⠀⠀⠀⠀⠀⠀⠀    ⢸⣿⠀⠀⠀⠀⠀⠀⠀⠀⠹⣷⡀⠀⠀⠀⠀⢸⣿⠀⠀⠀⠀⣿⡇⢸⣿⠀⠀⠀⠀⠀⠀⠀⠀⠀⠀⠀⣠⣼⠟⠀⢸⣿⠀⠀⠀⢸⣿⠀⠀⠀⠀⠀⣿⡇⠀⠀⠀⣿⡇
⠀⠀⠀⠀⠀⠀⠀    ⢸⣿⠀⠀⠀⠀⠀⣠⡀⠀⠀⠹⣷⡄⠀⠀⠀⢸⣿⠀⠀⠀⠀⣿⡇⢸⣿⠀⠀⠀⠀⣤⣄⠀⠀⠀⠀⠹⣿⡅⠀⠀⠸⣿⠀⠀⠀⠸⣿⠀⠀⠀⠀⠀⣿⠇⠀⠀⠀⣿⠇
⠀⠀⠀⠀⠀⠀⠀    ⢸⣿⠀⠀⠀⠀⣾⡟⣷⡀⠀⠀⠘⣿⣆⠀⠀⢸⣿⠀⠀⠀⠀⣿⡇⢸⣿⠀⠀⠀⠀⣿⡟⣷⡀⠀⠀⠀⠘⣿⣆⠀⠀⢻⣧⠀⠀⠀⠹⣷⣦⣤⣤⣾⠏⠀⠀⠀⣼⡟
⠀⠀⠀⠀⠀⠀⠀    ⢸⣿⠀⠀⠀⠀⣿⡇⠹⣷⡀⠀⠀⠈⢻⡇⠀⢸⣿⠀⠀⠀⠀⣿⡇⢸⣿⠀⠀⠀⠀⣿⡇⠹⣷⡀⠀⠀⠀⠈⢻⡇⠀⠀⢻⣧⠀⠀⠀⠀⠉⠉⠉⠀⠀⠀⠀⣼⡟
⠀⠀⠀⠀⠀⠀⠀    ⠸⣿⣄⡀⢀⣠⣿⠇⠀⠙⣷⡀⠀⢀⣼⠇⠀⠸⣿⣄⡀⢀⣠⣿⠇⠸⣿⣄⡀⢀⣠⣿⠇⠀⠙⣷⡀⠀⠀⢀⣼⠇⠀⠀⠀⠻⣷⣦⣄⡀⠀⠀⠀⢀⣠⣴⣾⠟
⠀⠀⠀⠀⠀⠀⠀    ⠀⠈⠻⠿⠿⠟⠁⠀⠀⠀⠈⠻⠿⠿⠟⠁⠀⠀⠈⠻⠿⠿⠟⠁⠀⠀⠈⠻⠿⠿⠟⠁⠀⠀⠀⠈⠻⠿⠿⠟⠁⠀⠀⠀⠀⠀⠈⠙⠻⠿⠿⠿⠿⠟⠋⠁[0m

[2K[1G[38;5;244m╭───────────────────────────────[39m Did you know? [38;5;244m────────────────────────────────╮[39m
[38;5;244m│                                                                              │
[39m[38;5;244m│[39m   You can programmatically inject context to your prompts by using hooks.    [38;5;244m│[39m
[38;5;244m│[39m                        Check out [38;5;141m/context hooks help[0m                         [38;5;244m│[39m
[38;5;244m│                                                                              │
[39m[38;5;244m╰──────────────────────────────────────────────────────────────────────────────╯[39m

[38;5;244mModel: [0mAuto[38;5;244m ([0m[38;5;141m/model[0m[38;5;244m to change)
[0m
[0m[32mAll tools are now trusted ([0m[31m![0m[32m). Kiro will execute tools without asking for confirmation.[0m
Agents can sometimes do unexpected things so understand the risks.

Learn more at [38;5;141mhttps://kiro.dev/docs/cli/chat/security/#using-tools-trust-all-safely[0m



[38;5;252m[0m[?25l[38;5;141m> [0mI'll help you change the button name from "run In Staging" to "test In Dev". Let me first locate where this button is defined in the codebase.[0m[0m
[?25l[0m[0m[1mTool validation failed: [0m
[38;5;9mFailed to validate tool parameters: Path is not a file: 
[0m[?25l[0m[0mI will run the following command: [38;5;141mgrep -r "run In Staging" /repo/ebaejun/tools/aws/aipm --include="*.js" --include="*.html" -n[0m[38;5;244m (using tool: shell)[0m
Purpose: Search for "run In Staging" text in the codebase

[38;5;244m - Completed in 0.345s[0m

[?25l[0m[?25l[0m[0mI will run the following command: [38;5;141mgrep -ri "staging" /repo/ebaejun/tools/aws/aipm --include="*.js" --include="*.html" -n | head -20[0m[38;5;244m (using tool: shell)[0m
Purpose: Search for "staging" case-insensitively

/repo/ebaejun/tools/aws/aipm/dist/public/app.js:1919:      const runInStagingBtn = document.createElement('button');
/repo/ebaejun/tools/aws/aipm/dist/public/app.js:1920:      runInStagingBtn.type = 'button';
/repo/ebaejun/tools/aws/aipm/dist/public/app.js:1921:      runInStagingBtn.className = 'button secondary run-in-staging-btn';
/repo/ebaejun/tools/aws/aipm/dist/public/app.js:1922:      runInStagingBtn.textContent = 'Run in Staging';
/repo/ebaejun/tools/aws/aipm/dist/public/app.js:1923:      runInStagingBtn.addEventListener('click', () => {
/repo/ebaejun/tools/aws/aipm/dist/public/app.js:1924:        const { element, onClose } = buildRunInStagingModalContent(entry);
/repo/ebaejun/tools/aws/aipm/dist/public/app.js:1926:          title: 'Run in Staging',
/repo/ebaejun/tools/aws/aipm/dist/public/app.js:1933:      actions.appendChild(runInStagingBtn);
/repo/ebaejun/tools/aws/aipm/dist/public/app.js:3223:function buildRunInStagingModalContent(prEntry = null) {
/repo/ebaejun/tools/aws/aipm/dist/public/app.js:3225:  container.className = 'run-staging-modal';
/repo/ebaejun/tools/aws/aipm/dist/public/app.js:3241:    <div class="staging-options">
/repo/ebaejun/tools/aws/aipm/dist/public/app.js:3242:      <h3>Run in Staging Workflow</h3>
/repo/ebaejun/tools/aws/aipm/dist/public/app.js:3250:      <div class="staging-actions">
/repo/ebaejun/tools/aws/aipm/dist/public/app.js:3251:        <button id="run-staging-workflow" class="primary">Run in Staging</button>
/repo/ebaejun/tools/aws/aipm/dist/public/app.js:3252:        <button id="check-staging-status" class="secondary">Check Status</button>
/repo/ebaejun/tools/aws/aipm/dist/public/app.js:3255:      <div id="staging-output" class="staging-output" style="display:none;">
/repo/ebaejun/tools/aws/aipm/dist/public/app.js:3257:        <pre id="staging-log"></pre>
/repo/ebaejun/tools/aws/aipm/dist/public/app.js:3262:  const runWorkflowBtn = container.querySelector('#run-staging-workflow');
/repo/ebaejun/tools/aws/aipm/dist/public/app.js:3263:  const statusBtn = container.querySelector('#check-staging-status');
/repo/ebaejun/tools/aws/aipm/dist/public/app.js:3264:  const output = container.querySelector('#staging-output');
[38;5;244m - Completed in 0.11s[0m

[?25l[0m[38;5;141m> [0mNow let me check the source file in the frontend:[0m[0m
[?25l[0m[0mI will run the following command: [38;5;141mgrep -ri "staging" /repo/ebaejun/tools/aws/aipm/apps/frontend --include="*.js" --include="*.html" -n | head -20[0m[38;5;244m (using tool: shell)[0m
Purpose: Search for staging in frontend source files

/repo/ebaejun/tools/aws/aipm/apps/frontend/public/simple-pr.js:94:export async function deployPRToStaging(prNumber, branchName, apiBaseUrl = '') {
/repo/ebaejun/tools/aws/aipm/apps/frontend/public/simple-pr.js:110:export function createDeployToStagingButton(prNumber, branchName, onSuccess, onError) {
/repo/ebaejun/tools/aws/aipm/apps/frontend/public/simple-pr.js:122:      const result = await deployPRToStaging(prNumber, branchName);
/repo/ebaejun/tools/aws/aipm/apps/frontend/public/simple-pr.js:126:        if (result.stagingUrl) {
/repo/ebaejun/tools/aws/aipm/apps/frontend/public/simple-pr.js:127:          window.open(result.stagingUrl, '_blank');
/repo/ebaejun/tools/aws/aipm/apps/frontend/public/simple-pr.js:130:        onError?.(result.error || 'Failed to deploy to staging');
/repo/ebaejun/tools/aws/aipm/apps/frontend/public/simple-pr.js:133:      console.error('Error deploying to staging:', error);
/repo/ebaejun/tools/aws/aipm/apps/frontend/public/simple-pr.js:134:      onError?.(error.message || 'Failed to deploy to staging');
/repo/ebaejun/tools/aws/aipm/apps/frontend/public/app.js:1929:      const runInStagingBtn = document.createElement('button');
/repo/ebaejun/tools/aws/aipm/apps/frontend/public/app.js:1930:      runInStagingBtn.type = 'button';
/repo/ebaejun/tools/aws/aipm/apps/frontend/public/app.js:1931:      runInStagingBtn.className = 'button secondary run-in-staging-btn';
/repo/ebaejun/tools/aws/aipm/apps/frontend/public/app.js:1932:      runInStagingBtn.textContent = 'Test in Dev';
/repo/ebaejun/tools/aws/aipm/apps/frontend/public/app.js:1933:      runInStagingBtn.addEventListener('click', () => {
/repo/ebaejun/tools/aws/aipm/apps/frontend/public/app.js:1934:        const { element, onClose } = buildRunInStagingModalContent(entry);
/repo/ebaejun/tools/aws/aipm/apps/frontend/public/app.js:1943:      actions.appendChild(runInStagingBtn);
/repo/ebaejun/tools/aws/aipm/apps/frontend/public/app.js:3233:function buildRunInStagingModalContent(prEntry = null) {
/repo/ebaejun/tools/aws/aipm/apps/frontend/public/app.js:3235:  container.className = 'run-staging-modal';
/repo/ebaejun/tools/aws/aipm/apps/frontend/public/app.js:3251:    <div class="staging-options">
/repo/ebaejun/tools/aws/aipm/apps/frontend/public/app.js:3257:        <div class="step">2. Test changes in staging</div>
/repo/ebaejun/tools/aws/aipm/apps/frontend/public/app.js:3262:      <div class="staging-actions">
[38;5;244m - Completed in 0.5s[0m

[?25l[0m[38;5;141m> [0mGood! I can see the button text is already changed to "Test in Dev" on line 1932 of [38;5;10mapps/frontend/public/app.js[0m. However, the modal title still says "Run in Staging". Let me check the complete modal content:[0m[0m
[?25l[0m[0mReading file: [38;5;141m/repo/ebaejun/tools/aws/aipm/apps/frontend/public/app.js[0m, from line [38;5;141m1930[0m to [38;5;141m1945[0m[38;5;244m (using tool: read)[0m
[38;5;10m ✓ [0mSuccessfully read [38;5;244m576 bytes[0m from /repo/ebaejun/tools/aws/aipm/apps/frontend/public/app.js
[38;5;244m - Completed in 0.1s[0m

[?25l[0m[38;5;141m> [0mPerfect! The button text and modal title are already updated to "Test in Dev". Let me verify the dist folder is also updated:[0m[0m
[?25l[0m[0mReading file: [38;5;141m/repo/ebaejun/tools/aws/aipm/dist/public/app.js[0m, from line [38;5;141m1920[0m to [38;5;141m1935[0m[38;5;244m (using tool: read)[0m
[38;5;10m ✓ [0mSuccessfully read [38;5;244m582 bytes[0m from /repo/ebaejun/tools/aws/aipm/dist/public/app.js
[38;5;244m - Completed in 0.0s[0m

[?25l[0m[38;5;141m> [0mThe source file is already updated, but the dist folder needs to be rebuilt. Let me run the build command:[0m[0m
[?25l[0m[0mI will run the following command: [38;5;141mcd /repo/ebaejun/tools/aws/aipm && npm run build[0m[38;5;244m (using tool: shell)[0m
Purpose: Rebuild the distribution files

npm ERR! Missing script: "build"
npm ERR! 
npm ERR! To see a list of scripts, run:
npm ERR!   npm run

npm ERR! A complete log of this run can be found in:
npm ERR!     /home/ebaejun/.npm/_logs/2025-11-30T11_37_50_041Z-debug-0.log
[38;5;244m - Completed in 0.502s[0m

[?25l[0m[?25l[0m[0mI will run the following command: [38;5;141mcd /repo/ebaejun/tools/aws/aipm && npm run[0m[38;5;244m (using tool: shell)[0m
Purpose: Check available npm scripts

[38;5;244m - Completed in 0.566s[0m

[?25l[0m[?25l[0m[0mReading file: [38;5;141m/repo/ebaejun/tools/aws/aipm/package.json[0m, from line [38;5;141m1[0m to [38;5;141m30[0m[38;5;244m (using tool: read)[0m
[38;5;10m ✓ [0mSuccessfully read [38;5;244m378 bytes[0m from /repo/ebaejun/tools/aws/aipm/package.json
[38;5;244m - Completed in 0.0s[0m

[?25l[0m[38;5;141m> [0mLet me check if there's a scripts directory with a build script:[0m[0m
[?25l[0m[0mI will run the following command: [38;5;141mcd /repo/ebaejun/tools/aws/aipm && ls -la scripts/ 2>/dev/null || echo "No scripts directory"[0m[38;5;244m (using tool: shell)[0m
Purpose: Look for build script

No scripts directory
[38;5;244m - Completed in 0.6s[0m

[?25l[0m[38;5;141m> [0mLet me simply copy the updated file to the dist folder:[0m[0m
[?25l[0m[0mI will run the following command: [38;5;141mcp /repo/ebaejun/tools/aws/aipm/apps/frontend/public/app.js /repo/ebaejun/tools/aws/aipm/dist/public/app.js[0m[38;5;244m (using tool: shell)[0m
Purpose: Copy updated app.js to dist folder

[38;5;244m - Completed in 0.5s[0m

[?25l[0m[?25l[0m[0mReading file: [38;5;141m/repo/ebaejun/tools/aws/aipm/dist/public/app.js[0m, from line [38;5;141m1920[0m to [38;5;141m1935[0m[38;5;244m (using tool: read)[0m
[38;5;10m ✓ [0mSuccessfully read [38;5;244m662 bytes[0m from /repo/ebaejun/tools/aws/aipm/dist/public/app.js
[38;5;244m - Completed in 0.0s[0m

[?25l[0m[38;5;141m> [0mPerfect! The change has been successfully applied. The button name has been changed from "Run in Staging" to "Test in Dev" in both:[0m[0m
[0m[0m
1. [1mSource file[22m: [38;5;10mapps/frontend/public/app.js[0m (line 1932)[0m[0m
2. [1mDistribution file[22m: [38;5;10mdist/public/app.js[0m (line 1932)[0m[0m
3. [1mModal title[22m: Also updated to "Test in Dev" (line 1936)[0m[0m
[0m[0m
The changes are complete and ready to use. When you restart the development server or deploy, the button will display "Test in Dev" instead of "Run in Staging".[0m[0m[38;5;8m
 ▸ Time: 54s

[0m[1G[0m[0m[?25h✅ Kiro generated changes
Switched to a new branch 'kiro/task-1764502419623'
