🔄 Queue worker starting...
⚠️  Skipping item with missing id or branch
📋 Processing task kiro-1765283824105-15gpdexsb
From github.com:demian7575/aipm
 * branch            when-user-story-being-generated-1765279289754 -> FETCH_HEAD
Already on 'when-user-story-being-generated-1765279289754'
⚠️  Skipping item with missing id or branch
📋 Processing task kiro-1765284048777-ab9x1c6g0
From github.com:demian7575/aipm
 * branch            when-user-story-being-generated-1765279289754 -> FETCH_HEAD
Already on 'when-user-story-being-generated-1765279289754'
⚠️  Skipping item with missing id or branch
⚠️  Skipping item with missing id or branch
⚠️  Skipping item with missing id or branch
⚠️  Skipping item with missing id or branch
⚠️  Skipping item with missing id or branch
⚠️  Skipping item with missing id or branch
⚠️  Skipping item with missing id or branch
⚠️  Skipping item with missing id or branch
⚠️  Skipping item with missing id or branch
⚠️  Skipping item with missing id or branch
⚠️  Skipping item with missing id or branch
⚠️  Skipping item with missing id or branch
⚠️  Skipping item with missing id or branch
⚠️  Skipping item with missing id or branch
⚠️  Skipping item with missing id or branch
⚠️  Skipping item with missing id or branch
⚠️  Skipping item with missing id or branch
⚠️  Skipping item with missing id or branch
⚠️  Skipping item with missing id or branch
⚠️  Skipping item with missing id or branch
⚠️  Skipping item with missing id or branch
⚠️  Skipping item with missing id or branch
⚠️  Skipping item with missing id or branch
⚠️  Skipping item with missing id or branch
⚠️  Skipping item with missing id or branch
⚠️  Skipping item with missing id or branch
⚠️  Skipping item with missing id or branch
⚠️  Skipping item with missing id or branch
⚠️  Skipping item with missing id or branch
⚠️  Skipping item with missing id or branch
⚠️  Skipping item with missing id or branch
⚠️  Skipping item with missing id or branch
⚠️  Skipping item with missing id or branch
⚠️  Skipping item with missing id or branch
⚠️  Skipping item with missing id or branch
⚠️  Skipping item with missing id or branch
⚠️  Skipping item with missing id or branch
⚠️  Skipping item with missing id or branch
⚠️  Skipping item with missing id or branch
⚠️  Skipping item with missing id or branch
⚠️  Skipping item with missing id or branch
⚠️  Skipping item with missing id or branch
⚠️  Skipping item with missing id or branch
⚠️  Skipping item with missing id or branch
⚠️  Skipping item with missing id or branch
⚠️  Skipping item with missing id or branch
⚠️  Skipping item with missing id or branch
⚠️  Skipping item with missing id or branch
⚠️  Skipping item with missing id or branch
⚠️  Skipping item with missing id or branch
⚠️  Skipping item with missing id or branch
⚠️  Skipping item with missing id or branch
⚠️  Skipping item with missing id or branch
⚠️  Skipping item with missing id or branch
⚠️  Skipping item with missing id or branch
⚠️  Skipping item with missing id or branch
To github.com:demian7575/aipm.git
   4eab8a5..f548d9a  when-user-story-being-generated-1765279289754 -> when-user-story-being-generated-1765279289754
✅ Task kiro-1765284048777-ab9x1c6g0 complete
⚠️  Skipping item with missing id or branch
⚠️  Skipping item with missing id or branch
⚠️  Skipping item with missing id or branch
⚠️  Skipping item with missing id or branch
⚠️  Skipping item with missing id or branch
⚠️  Skipping item with missing id or branch
⚠️  Skipping item with missing id or branch
⚠️  Skipping item with missing id or branch
⚠️  Skipping item with missing id or branch
⚠️  Skipping item with missing id or branch
⚠️  Skipping item with missing id or branch
⚠️  Skipping item with missing id or branch
⚠️  Skipping item with missing id or branch
⚠️  Skipping item with missing id or branch
⚠️  Skipping item with missing id or branch
⚠️  Skipping item with missing id or branch
⚠️  Skipping item with missing id or branch
⚠️  Skipping item with missing id or branch
⚠️  Skipping item with missing id or branch
⚠️  Skipping item with missing id or branch
⚠️  Skipping item with missing id or branch
